<?xml version="1.0" encoding="UTF-8"?>
<testng-results ignored="0" total="1" passed="1" failed="0" skipped="0">
  <reporter-output>
    <line>
      <![CDATA[Add Emp success::3380     3380]]>
    </line>
    <line>
      <![CDATA[Add Emp success::3381     3381]]>
    </line>
    <line>
      <![CDATA[Add Emp success::3382     3382]]>
    </line>
    <line>
      <![CDATA[Add Emp success::3383     3383]]>
    </line>
    <line>
      <![CDATA[Add Emp success::3384     3384]]>
    </line>
  </reporter-output>
  <suite started-at="2023-08-18T12:15:33 IST" name="Default suite" finished-at="2023-08-18T12:16:04 IST" duration-ms="30754">
    <groups>
    </groups>
    <test started-at="2023-08-18T12:15:33 IST" name="Default test" finished-at="2023-08-18T12:16:04 IST" duration-ms="30754">
      <class name="driverFactory.TestScript">
        <test-method is-config="true" signature="setUp()[pri:0, instance:driverFactory.TestScript@247310d0]" started-at="2023-08-18T12:15:33 IST" name="setUp" finished-at="2023-08-18T12:15:47 IST" duration-ms="14224" status="PASS">
          <reporter-output>
          </reporter-output>
        </test-method> <!-- setUp -->
        <test-method signature="startTest()[pri:0, instance:driverFactory.TestScript@247310d0]" started-at="2023-08-18T12:15:48 IST" name="startTest" finished-at="2023-08-18T12:16:02 IST" duration-ms="14465" status="PASS">
          <reporter-output>
            <line>
              <![CDATA[Add Emp success::3380     3380]]>
            </line>
            <line>
              <![CDATA[Add Emp success::3381     3381]]>
            </line>
            <line>
              <![CDATA[Add Emp success::3382     3382]]>
            </line>
            <line>
              <![CDATA[Add Emp success::3383     3383]]>
            </line>
            <line>
              <![CDATA[Add Emp success::3384     3384]]>
            </line>
          </reporter-output>
        </test-method> <!-- startTest -->
        <test-method is-config="true" signature="tearDown()[pri:0, instance:driverFactory.TestScript@247310d0]" started-at="2023-08-18T12:16:02 IST" name="tearDown" finished-at="2023-08-18T12:16:04 IST" duration-ms="1984" status="PASS">
          <reporter-output>
          </reporter-output>
        </test-method> <!-- tearDown -->
      </class> <!-- driverFactory.TestScript -->
    </test> <!-- Default test -->
  </suite> <!-- Default suite -->
</testng-results>
